
ROM used:   47/8192 (1%)
            47/8192 (1%) including unused fragments

            0.1 Average locations per line
            6.7 Average locations per statement

RAM used:   6/368 (2%) at main() level
            6/368 (2%) worst case

Stack used: 0 worst case (0 in main + 0 for interrupts)
Stack size: 8

Lines Stmts  %   Files
----- ----- ---  -----
   20     7 100  main.c
    6     0   0  main.h
  707     0   0  D:\Program Files (x86)\PICC\Devices\16F877A.h
----- -----
  733     7 Total

Page ROM  %  RAM    Vol Diff  Functions:
---- --- --- ---    --- ----  ----------
0     43  91    0    130  2.2  main
 Inline         0             @cinit1

Program metrics:
    Functions               1
    Statements              7
    Comments                125
    Volume (V)              132
    Difficulty (D)          2.0
    Effort to implement (E) 268
    Time to implement (T)   0 minutes
    Est Delivered Bugs (B)  0
    Cyclomatic Complexity   1
    Maintainability (MI)    64

 Segment     Used  Free
-----------  ----  ----
00000-00003     4  0  
00004-007FF    43  2001  
00800-00FFF     0  2048  
01000-017FF     0  2048  
01800-01FFF     0  2048  



